{"C:\\Users\\gpimentahays\\Gabriel\\trio_challenge\\src\\constants\\productsMenu.ts": {"path":"C:\\Users\\gpimentahays\\Gabriel\\trio_challenge\\src\\constants\\productsMenu.ts","statementMap":{"0":{"start":{"line":1,"column":13},"end":{"line":45,"column":2}}},"fnMap":{},"branchMap":{},"s":{"0":1},"f":{},"b":{}}
,"C:\\Users\\gpimentahays\\Gabriel\\trio_challenge\\src\\enums\\ORDER_STATUS.ts": {"path":"C:\\Users\\gpimentahays\\Gabriel\\trio_challenge\\src\\enums\\ORDER_STATUS.ts","statementMap":{"0":{"start":{"line":1,"column":0},"end":{"line":1,"column":null}},"1":{"start":{"line":2,"column":1},"end":{"line":2,"column":null}},"2":{"start":{"line":3,"column":1},"end":{"line":3,"column":null}},"3":{"start":{"line":4,"column":1},"end":{"line":4,"column":null}},"4":{"start":{"line":5,"column":1},"end":{"line":5,"column":null}},"5":{"start":{"line":6,"column":1},"end":{"line":6,"column":null}}},"fnMap":{"0":{"name":"(anonymous_0)","decl":{"start":{"line":1,"column":0},"end":{"line":1,"column":12}},"loc":{"start":{"line":1,"column":24},"end":{"line":7,"column":1}}}},"branchMap":{"0":{"loc":{"start":{"line":1,"column":12},"end":{"line":1,"column":null}},"type":"binary-expr","locations":[{"start":{"line":1,"column":12},"end":{"line":1,"column":24}},{"start":{"line":1,"column":24},"end":{"line":1,"column":null}}]}},"s":{"0":1,"1":1,"2":1,"3":1,"4":1,"5":1},"f":{"0":1},"b":{"0":[1,1]}}
,"C:\\Users\\gpimentahays\\Gabriel\\trio_challenge\\src\\enums\\USER_TYPES.ts": {"path":"C:\\Users\\gpimentahays\\Gabriel\\trio_challenge\\src\\enums\\USER_TYPES.ts","statementMap":{"0":{"start":{"line":1,"column":0},"end":{"line":1,"column":null}},"1":{"start":{"line":2,"column":1},"end":{"line":2,"column":null}},"2":{"start":{"line":3,"column":1},"end":{"line":3,"column":null}}},"fnMap":{"0":{"name":"(anonymous_0)","decl":{"start":{"line":1,"column":0},"end":{"line":1,"column":12}},"loc":{"start":{"line":1,"column":22},"end":{"line":4,"column":1}}}},"branchMap":{"0":{"loc":{"start":{"line":1,"column":12},"end":{"line":1,"column":null}},"type":"binary-expr","locations":[{"start":{"line":1,"column":12},"end":{"line":1,"column":22}},{"start":{"line":1,"column":22},"end":{"line":1,"column":null}}]}},"s":{"0":1,"1":1,"2":1},"f":{"0":1},"b":{"0":[1,1]}}
,"C:\\Users\\gpimentahays\\Gabriel\\trio_challenge\\src\\infra\\database.ts": {"path":"C:\\Users\\gpimentahays\\Gabriel\\trio_challenge\\src\\infra\\database.ts","statementMap":{"0":{"start":{"line":1,"column":0},"end":{"line":1,"column":35}},"1":{"start":{"line":2,"column":0},"end":{"line":2,"column":28}},"2":{"start":{"line":4,"column":0},"end":{"line":4,"column":16}},"3":{"start":{"line":6,"column":12},"end":{"line":6,"column":23}},"4":{"start":{"line":8,"column":13},"end":{"line":14,"column":3}}},"fnMap":{},"branchMap":{},"s":{"0":2,"1":2,"2":2,"3":2,"4":2},"f":{},"b":{}}
,"C:\\Users\\gpimentahays\\Gabriel\\trio_challenge\\src\\models\\OrderModel.ts": {"path":"C:\\Users\\gpimentahays\\Gabriel\\trio_challenge\\src\\models\\OrderModel.ts","statementMap":{"0":{"start":{"line":1,"column":0},"end":{"line":1,"column":39}},"1":{"start":{"line":6,"column":2},"end":{"line":6,"column":71}},"2":{"start":{"line":10,"column":2},"end":{"line":19,"column":4}},"3":{"start":{"line":23,"column":2},"end":{"line":26,"column":4}},"4":{"start":{"line":30,"column":2},"end":{"line":32,"column":5}},"5":{"start":{"line":4,"column":0},"end":{"line":4,"column":13}}},"fnMap":{"0":{"name":"(anonymous_0)","decl":{"start":{"line":5,"column":1},"end":{"line":5,"column":9}},"loc":{"start":{"line":5,"column":25},"end":{"line":7,"column":2}}},"1":{"name":"(anonymous_1)","decl":{"start":{"line":9,"column":1},"end":{"line":9,"column":12}},"loc":{"start":{"line":9,"column":34},"end":{"line":20,"column":2}}},"2":{"name":"(anonymous_2)","decl":{"start":{"line":22,"column":1},"end":{"line":22,"column":18}},"loc":{"start":{"line":22,"column":50},"end":{"line":27,"column":2}}},"3":{"name":"(anonymous_3)","decl":{"start":{"line":29,"column":1},"end":{"line":29,"column":12}},"loc":{"start":{"line":29,"column":28},"end":{"line":33,"column":2}}}},"branchMap":{},"s":{"0":2,"1":1,"2":3,"3":1,"4":2,"5":2},"f":{"0":1,"1":3,"2":1,"3":2},"b":{}}
,"C:\\Users\\gpimentahays\\Gabriel\\trio_challenge\\src\\models\\UserModel.ts": {"path":"C:\\Users\\gpimentahays\\Gabriel\\trio_challenge\\src\\models\\UserModel.ts","statementMap":{"0":{"start":{"line":2,"column":0},"end":{"line":2,"column":39}},"1":{"start":{"line":6,"column":2},"end":{"line":9,"column":4}},"2":{"start":{"line":13,"column":2},"end":{"line":16,"column":4}},"3":{"start":{"line":20,"column":2},"end":{"line":20,"column":69}},"4":{"start":{"line":24,"column":2},"end":{"line":27,"column":4}},"5":{"start":{"line":4,"column":0},"end":{"line":4,"column":13}}},"fnMap":{"0":{"name":"(anonymous_0)","decl":{"start":{"line":5,"column":1},"end":{"line":5,"column":11}},"loc":{"start":{"line":5,"column":28},"end":{"line":10,"column":2}}},"1":{"name":"(anonymous_1)","decl":{"start":{"line":12,"column":1},"end":{"line":12,"column":18}},"loc":{"start":{"line":12,"column":33},"end":{"line":17,"column":2}}},"2":{"name":"(anonymous_2)","decl":{"start":{"line":19,"column":1},"end":{"line":19,"column":12}},"loc":{"start":{"line":19,"column":27},"end":{"line":21,"column":2}}},"3":{"name":"(anonymous_3)","decl":{"start":{"line":23,"column":1},"end":{"line":23,"column":15}},"loc":{"start":{"line":23,"column":30},"end":{"line":28,"column":2}}}},"branchMap":{},"s":{"0":2,"1":1,"2":1,"3":0,"4":0,"5":2},"f":{"0":1,"1":1,"2":0,"3":0},"b":{}}
,"C:\\Users\\gpimentahays\\Gabriel\\trio_challenge\\src\\services\\Customer.ts": {"path":"C:\\Users\\gpimentahays\\Gabriel\\trio_challenge\\src\\services\\Customer.ts","statementMap":{"0":{"start":{"line":1,"column":0},"end":{"line":1,"column":57}},"1":{"start":{"line":2,"column":0},"end":{"line":2,"column":53}},"2":{"start":{"line":3,"column":0},"end":{"line":3,"column":48}},"3":{"start":{"line":5,"column":0},"end":{"line":5,"column":32}},"4":{"start":{"line":12,"column":2},"end":{"line":12,"column":35}},"5":{"start":{"line":13,"column":2},"end":{"line":13,"column":34}},"6":{"start":{"line":17,"column":16},"end":{"line":17,"column":77}},"7":{"start":{"line":18,"column":2},"end":{"line":18,"column":15}},"8":{"start":{"line":22,"column":2},"end":{"line":22,"column":50}},"9":{"start":{"line":26,"column":2},"end":{"line":26,"column":22}},"10":{"start":{"line":30,"column":24},"end":{"line":30,"column":59}},"11":{"start":{"line":32,"column":2},"end":{"line":34,"column":3}},"12":{"start":{"line":33,"column":3},"end":{"line":33,"column":55}},"13":{"start":{"line":35,"column":2},"end":{"line":35,"column":48}},"14":{"start":{"line":7,"column":0},"end":{"line":7,"column":13}}},"fnMap":{"0":{"name":"(anonymous_7)","decl":{"start":{"line":11,"column":1},"end":{"line":11,"column":null}},"loc":{"start":{"line":11,"column":1},"end":{"line":14,"column":2}}},"1":{"name":"(anonymous_8)","decl":{"start":{"line":16,"column":1},"end":{"line":16,"column":11}},"loc":{"start":{"line":16,"column":66},"end":{"line":19,"column":2}}},"2":{"name":"(anonymous_9)","decl":{"start":{"line":21,"column":1},"end":{"line":21,"column":17}},"loc":{"start":{"line":21,"column":32},"end":{"line":23,"column":2}}},"3":{"name":"(anonymous_10)","decl":{"start":{"line":25,"column":1},"end":{"line":25,"column":7}},"loc":{"start":{"line":25,"column":21},"end":{"line":27,"column":2}}},"4":{"name":"(anonymous_11)","decl":{"start":{"line":29,"column":7},"end":{"line":29,"column":18}},"loc":{"start":{"line":29,"column":50},"end":{"line":36,"column":null}}}},"branchMap":{"0":{"loc":{"start":{"line":32,"column":2},"end":{"line":34,"column":3}},"type":"if","locations":[{"start":{"line":32,"column":2},"end":{"line":34,"column":3}}]}},"s":{"0":1,"1":1,"2":1,"3":1,"4":3,"5":3,"6":2,"7":2,"8":1,"9":1,"10":0,"11":0,"12":0,"13":0,"14":1},"f":{"0":3,"1":2,"2":1,"3":1,"4":0},"b":{"0":[0]}}
,"C:\\Users\\gpimentahays\\Gabriel\\trio_challenge\\src\\services\\Manager.ts": {"path":"C:\\Users\\gpimentahays\\Gabriel\\trio_challenge\\src\\services\\Manager.ts","statementMap":{"0":{"start":{"line":1,"column":0},"end":{"line":1,"column":55}},"1":{"start":{"line":3,"column":0},"end":{"line":3,"column":32}},"2":{"start":{"line":9,"column":2},"end":{"line":9,"column":34}},"3":{"start":{"line":13,"column":16},"end":{"line":13,"column":57}},"4":{"start":{"line":15,"column":24},"end":{"line":15,"column":36}},"5":{"start":{"line":17,"column":38},"end":{"line":22,"column":4}},"6":{"start":{"line":23,"column":23},"end":{"line":23,"column":57}},"7":{"start":{"line":25,"column":2},"end":{"line":27,"column":3}},"8":{"start":{"line":26,"column":3},"end":{"line":26,"column":57}},"9":{"start":{"line":28,"column":21},"end":{"line":28,"column":50}},"10":{"start":{"line":29,"column":2},"end":{"line":31,"column":3}},"11":{"start":{"line":30,"column":3},"end":{"line":30,"column":76}},"12":{"start":{"line":33,"column":23},"end":{"line":35,"column":null}},"13":{"start":{"line":37,"column":2},"end":{"line":37,"column":22}},"14":{"start":{"line":5,"column":0},"end":{"line":5,"column":13}}},"fnMap":{"0":{"name":"(anonymous_7)","decl":{"start":{"line":8,"column":1},"end":{"line":8,"column":null}},"loc":{"start":{"line":8,"column":1},"end":{"line":10,"column":2}}},"1":{"name":"(anonymous_8)","decl":{"start":{"line":12,"column":7},"end":{"line":12,"column":24}},"loc":{"start":{"line":12,"column":40},"end":{"line":38,"column":null}}}},"branchMap":{"0":{"loc":{"start":{"line":25,"column":2},"end":{"line":27,"column":3}},"type":"if","locations":[{"start":{"line":25,"column":2},"end":{"line":27,"column":3}}]},"1":{"loc":{"start":{"line":29,"column":2},"end":{"line":31,"column":3}},"type":"if","locations":[{"start":{"line":29,"column":2},"end":{"line":31,"column":3}}]}},"s":{"0":1,"1":1,"2":1,"3":1,"4":1,"5":1,"6":1,"7":1,"8":0,"9":1,"10":1,"11":0,"12":1,"13":1,"14":1},"f":{"0":1,"1":1},"b":{"0":[0],"1":[0]}}
,"C:\\Users\\gpimentahays\\Gabriel\\trio_challenge\\src\\services\\MenuService.ts": {"path":"C:\\Users\\gpimentahays\\Gabriel\\trio_challenge\\src\\services\\MenuService.ts","statementMap":{"0":{"start":{"line":1,"column":0},"end":{"line":1,"column":59}},"1":{"start":{"line":7,"column":2},"end":{"line":7,"column":27}},"2":{"start":{"line":11,"column":2},"end":{"line":11,"column":60}},"3":{"start":{"line":11,"column":34},"end":{"line":11,"column":58}},"4":{"start":{"line":15,"column":23},"end":{"line":15,"column":48}},"5":{"start":{"line":16,"column":2},"end":{"line":18,"column":3}},"6":{"start":{"line":17,"column":3},"end":{"line":17,"column":15}},"7":{"start":{"line":19,"column":2},"end":{"line":19,"column":66}},"8":{"start":{"line":19,"column":44},"end":{"line":19,"column":64}},"9":{"start":{"line":23,"column":23},"end":{"line":23,"column":48}},"10":{"start":{"line":24,"column":2},"end":{"line":26,"column":3}},"11":{"start":{"line":25,"column":3},"end":{"line":25,"column":65}},"12":{"start":{"line":28,"column":25},"end":{"line":28,"column":63}},"13":{"start":{"line":29,"column":2},"end":{"line":33,"column":3}},"14":{"start":{"line":30,"column":3},"end":{"line":32,"column":5}},"15":{"start":{"line":35,"column":2},"end":{"line":35,"column":55}},"16":{"start":{"line":3,"column":0},"end":{"line":3,"column":13}}},"fnMap":{"0":{"name":"(anonymous_0)","decl":{"start":{"line":6,"column":1},"end":{"line":6,"column":null}},"loc":{"start":{"line":6,"column":1},"end":{"line":8,"column":2}}},"1":{"name":"(anonymous_1)","decl":{"start":{"line":10,"column":9},"end":{"line":10,"column":20}},"loc":{"start":{"line":10,"column":36},"end":{"line":12,"column":2}}},"2":{"name":"(anonymous_2)","decl":{"start":{"line":11,"column":24},"end":{"line":11,"column":25}},"loc":{"start":{"line":11,"column":34},"end":{"line":11,"column":58}}},"3":{"name":"(anonymous_3)","decl":{"start":{"line":14,"column":9},"end":{"line":14,"column":22}},"loc":{"start":{"line":14,"column":57},"end":{"line":20,"column":2}}},"4":{"name":"(anonymous_4)","decl":{"start":{"line":19,"column":37},"end":{"line":19,"column":38}},"loc":{"start":{"line":19,"column":44},"end":{"line":19,"column":64}}},"5":{"name":"(anonymous_5)","decl":{"start":{"line":22,"column":1},"end":{"line":22,"column":15}},"loc":{"start":{"line":22,"column":50},"end":{"line":36,"column":2}}}},"branchMap":{"0":{"loc":{"start":{"line":16,"column":2},"end":{"line":18,"column":3}},"type":"if","locations":[{"start":{"line":16,"column":2},"end":{"line":18,"column":3}}]},"1":{"loc":{"start":{"line":24,"column":2},"end":{"line":26,"column":3}},"type":"if","locations":[{"start":{"line":24,"column":2},"end":{"line":26,"column":3}}]},"2":{"loc":{"start":{"line":29,"column":2},"end":{"line":33,"column":3}},"type":"if","locations":[{"start":{"line":29,"column":2},"end":{"line":33,"column":3}}]}},"s":{"0":1,"1":4,"2":4,"3":8,"4":2,"5":2,"6":0,"7":2,"8":4,"9":2,"10":2,"11":0,"12":2,"13":2,"14":0,"15":2,"16":1},"f":{"0":4,"1":4,"2":8,"3":2,"4":4,"5":2},"b":{"0":[0],"1":[0],"2":[0]}}
,"C:\\Users\\gpimentahays\\Gabriel\\trio_challenge\\src\\services\\NotificationService.ts": {"path":"C:\\Users\\gpimentahays\\Gabriel\\trio_challenge\\src\\services\\NotificationService.ts","statementMap":{"0":{"start":{"line":20,"column":12},"end":{"line":20,"column":45}},"1":{"start":{"line":21,"column":18},"end":{"line":21,"column":83}},"2":{"start":{"line":23,"column":2},"end":{"line":29,"column":4}},"3":{"start":{"line":4,"column":0},"end":{"line":4,"column":13}}},"fnMap":{"0":{"name":"(anonymous_7)","decl":{"start":{"line":19,"column":7},"end":{"line":19,"column":23}},"loc":{"start":{"line":19,"column":38},"end":{"line":30,"column":null}}}},"branchMap":{},"s":{"0":1,"1":1,"2":1,"3":1},"f":{"0":1},"b":{}}
,"C:\\Users\\gpimentahays\\Gabriel\\trio_challenge\\src\\services\\Order.ts": {"path":"C:\\Users\\gpimentahays\\Gabriel\\trio_challenge\\src\\services\\Order.ts","statementMap":{"0":{"start":{"line":2,"column":0},"end":{"line":2,"column":53}},"1":{"start":{"line":4,"column":0},"end":{"line":4,"column":50}},"2":{"start":{"line":5,"column":0},"end":{"line":5,"column":44}},"3":{"start":{"line":6,"column":0},"end":{"line":6,"column":60}},"4":{"start":{"line":14,"column":2},"end":{"line":14,"column":37}},"5":{"start":{"line":15,"column":2},"end":{"line":15,"column":39}},"6":{"start":{"line":16,"column":2},"end":{"line":16,"column":55}},"7":{"start":{"line":20,"column":16},"end":{"line":20,"column":65}},"8":{"start":{"line":21,"column":34},"end":{"line":27,"column":4}},"9":{"start":{"line":29,"column":2},"end":{"line":29,"column":52}},"10":{"start":{"line":33,"column":2},"end":{"line":33,"column":75}},"11":{"start":{"line":37,"column":16},"end":{"line":37,"column":55}},"12":{"start":{"line":38,"column":2},"end":{"line":38,"column":49}},"13":{"start":{"line":38,"column":14},"end":{"line":38,"column":49}},"14":{"start":{"line":39,"column":2},"end":{"line":39,"column":18}},"15":{"start":{"line":44,"column":3},"end":{"line":44,"column":61}},"16":{"start":{"line":45,"column":2},"end":{"line":45,"column":60}},"17":{"start":{"line":46,"column":2},"end":{"line":46,"column":63}},"18":{"start":{"line":49,"column":29},"end":{"line":49,"column":null}},"19":{"start":{"line":8,"column":0},"end":{"line":8,"column":13}}},"fnMap":{"0":{"name":"(anonymous_7)","decl":{"start":{"line":13,"column":1},"end":{"line":13,"column":null}},"loc":{"start":{"line":13,"column":1},"end":{"line":17,"column":2}}},"1":{"name":"(anonymous_8)","decl":{"start":{"line":19,"column":7},"end":{"line":19,"column":18}},"loc":{"start":{"line":19,"column":71},"end":{"line":30,"column":null}}},"2":{"name":"(anonymous_10)","decl":{"start":{"line":32,"column":7},"end":{"line":32,"column":18}},"loc":{"start":{"line":32,"column":34},"end":{"line":34,"column":null}}},"3":{"name":"(anonymous_12)","decl":{"start":{"line":36,"column":7},"end":{"line":36,"column":15}},"loc":{"start":{"line":36,"column":31},"end":{"line":40,"column":null}}},"4":{"name":"(anonymous_14)","decl":{"start":{"line":42,"column":7},"end":{"line":42,"column":24}},"loc":{"start":{"line":42,"column":65},"end":{"line":47,"column":null}}},"5":{"name":"(anonymous_16)","decl":{"start":{"line":49,"column":7},"end":{"line":49,"column":25}},"loc":{"start":{"line":49,"column":25},"end":{"line":49,"column":null}}},"6":{"name":"(anonymous_17)","decl":{"start":{"line":49,"column":29},"end":{"line":49,"column":30}},"loc":{"start":{"line":49,"column":29},"end":{"line":49,"column":30}}}},"branchMap":{"0":{"loc":{"start":{"line":38,"column":2},"end":{"line":38,"column":49}},"type":"if","locations":[{"start":{"line":38,"column":2},"end":{"line":38,"column":49}}]}},"s":{"0":1,"1":1,"2":1,"3":1,"4":4,"5":4,"6":4,"7":2,"8":2,"9":2,"10":0,"11":1,"12":1,"13":0,"14":1,"15":1,"16":1,"17":1,"18":0,"19":1},"f":{"0":4,"1":2,"2":0,"3":1,"4":1,"5":0,"6":0},"b":{"0":[0]}}
}
