TN:
SF:src\constants\productsMenu.ts
FNF:0
FNH:0
DA:1,1
LF:1
LH:1
BRF:0
BRH:0
end_of_record
TN:
SF:src\enums\ORDER_STATUS.ts
FN:1,(anonymous_0)
FNF:1
FNH:1
FNDA:1,(anonymous_0)
DA:1,1
DA:2,1
DA:3,1
DA:4,1
DA:5,1
DA:6,1
LF:6
LH:6
BRDA:1,0,0,1
BRDA:1,0,1,1
BRF:2
BRH:2
end_of_record
TN:
SF:src\enums\USER_TYPES.ts
FN:1,(anonymous_0)
FNF:1
FNH:1
FNDA:1,(anonymous_0)
DA:1,1
DA:2,1
DA:3,1
LF:3
LH:3
BRDA:1,0,0,1
BRDA:1,0,1,1
BRF:2
BRH:2
end_of_record
TN:
SF:src\infra\database.ts
FNF:0
FNH:0
DA:1,2
DA:2,2
DA:4,2
DA:6,2
DA:8,2
LF:5
LH:5
BRF:0
BRH:0
end_of_record
TN:
SF:src\models\OrderModel.ts
FN:5,(anonymous_0)
FN:9,(anonymous_1)
FN:22,(anonymous_2)
FN:29,(anonymous_3)
FNF:4
FNH:4
FNDA:1,(anonymous_0)
FNDA:3,(anonymous_1)
FNDA:1,(anonymous_2)
FNDA:2,(anonymous_3)
DA:1,2
DA:4,2
DA:6,1
DA:10,3
DA:23,1
DA:30,2
LF:6
LH:6
BRF:0
BRH:0
end_of_record
TN:
SF:src\models\UserModel.ts
FN:5,(anonymous_0)
FN:12,(anonymous_1)
FN:19,(anonymous_2)
FN:23,(anonymous_3)
FNF:4
FNH:2
FNDA:1,(anonymous_0)
FNDA:1,(anonymous_1)
FNDA:0,(anonymous_2)
FNDA:0,(anonymous_3)
DA:2,2
DA:4,2
DA:6,1
DA:13,1
DA:20,0
DA:24,0
LF:6
LH:4
BRF:0
BRH:0
end_of_record
TN:
SF:src\services\Customer.ts
FN:11,(anonymous_7)
FN:16,(anonymous_8)
FN:21,(anonymous_9)
FN:25,(anonymous_10)
FN:29,(anonymous_11)
FNF:5
FNH:4
FNDA:3,(anonymous_7)
FNDA:2,(anonymous_8)
FNDA:1,(anonymous_9)
FNDA:1,(anonymous_10)
FNDA:0,(anonymous_11)
DA:1,1
DA:2,1
DA:3,1
DA:5,1
DA:7,1
DA:12,3
DA:13,3
DA:17,2
DA:18,2
DA:22,1
DA:26,1
DA:30,0
DA:32,0
DA:33,0
DA:35,0
LF:15
LH:11
BRDA:32,0,0,0
BRF:1
BRH:0
end_of_record
TN:
SF:src\services\Manager.ts
FN:8,(anonymous_7)
FN:12,(anonymous_8)
FNF:2
FNH:2
FNDA:1,(anonymous_7)
FNDA:1,(anonymous_8)
DA:1,1
DA:3,1
DA:5,1
DA:9,1
DA:13,1
DA:15,1
DA:17,1
DA:23,1
DA:25,1
DA:26,0
DA:28,1
DA:29,1
DA:30,0
DA:33,1
DA:37,1
LF:15
LH:13
BRDA:25,0,0,0
BRDA:29,1,0,0
BRF:2
BRH:0
end_of_record
TN:
SF:src\services\MenuService.ts
FN:6,(anonymous_0)
FN:10,(anonymous_1)
FN:11,(anonymous_2)
FN:14,(anonymous_3)
FN:19,(anonymous_4)
FN:22,(anonymous_5)
FNF:6
FNH:6
FNDA:4,(anonymous_0)
FNDA:4,(anonymous_1)
FNDA:8,(anonymous_2)
FNDA:2,(anonymous_3)
FNDA:4,(anonymous_4)
FNDA:2,(anonymous_5)
DA:1,1
DA:3,1
DA:7,4
DA:11,8
DA:15,2
DA:16,2
DA:17,0
DA:19,4
DA:23,2
DA:24,2
DA:25,0
DA:28,2
DA:29,2
DA:30,0
DA:35,2
LF:15
LH:12
BRDA:16,0,0,0
BRDA:24,1,0,0
BRDA:29,2,0,0
BRF:3
BRH:0
end_of_record
TN:
SF:src\services\NotificationService.ts
FN:19,(anonymous_7)
FNF:1
FNH:1
FNDA:1,(anonymous_7)
DA:4,1
DA:20,1
DA:21,1
DA:23,1
LF:4
LH:4
BRF:0
BRH:0
end_of_record
TN:
SF:src\services\Order.ts
FN:13,(anonymous_7)
FN:19,(anonymous_8)
FN:32,(anonymous_10)
FN:36,(anonymous_12)
FN:42,(anonymous_14)
FN:49,(anonymous_16)
FN:49,(anonymous_17)
FNF:7
FNH:4
FNDA:4,(anonymous_7)
FNDA:2,(anonymous_8)
FNDA:0,(anonymous_10)
FNDA:1,(anonymous_12)
FNDA:1,(anonymous_14)
FNDA:0,(anonymous_16)
FNDA:0,(anonymous_17)
DA:2,1
DA:4,1
DA:5,1
DA:6,1
DA:8,1
DA:14,4
DA:15,4
DA:16,4
DA:20,2
DA:21,2
DA:29,2
DA:33,0
DA:37,1
DA:38,1
DA:39,1
DA:44,1
DA:45,1
DA:46,1
DA:49,0
LF:19
LH:17
BRDA:38,0,0,0
BRF:1
BRH:0
end_of_record
